updating board
0
data len=9 cells len=9
setting anchored: False
setting anchored: False
setting anchored: False
setting anchored: False
setting anchored: False
setting anchored: False
setting anchored: False
setting anchored: False
setting anchored: False
1
data len=9 cells len=9
setting anchored: False
setting anchored: False
setting anchored: False
setting anchored: False
setting anchored: False
setting anchored: False
setting anchored: False
setting anchored: False
setting anchored: False
2
data len=9 cells len=9
setting anchored: False
setting anchored: False
setting anchored: False
setting anchored: False
setting anchored: False
setting anchored: False
setting anchored: False
setting anchored: False
setting anchored: False
3
data len=9 cells len=9
setting anchored: False
setting anchored: False
setting anchored: False
setting anchored: False
setting anchored: False
setting anchored: False
setting anchored: False
setting anchored: False
setting anchored: False
4
data len=9 cells len=9
setting anchored: False
setting anchored: False
setting anchored: False
setting anchored: False
setting anchored: False
setting anchored: False
setting anchored: False
setting anchored: False
setting anchored: False
5
data len=9 cells len=9
setting anchored: False
setting anchored: False
setting anchored: False
setting anchored: False
setting anchored: False
setting anchored: False
setting anchored: False
setting anchored: False
setting anchored: False
6
data len=9 cells len=9
setting anchored: False
setting anchored: False
setting anchored: False
setting anchored: False
setting anchored: False
setting anchored: False
setting anchored: False
setting anchored: False
setting anchored: False
7
data len=9 cells len=9
setting anchored: False
setting anchored: False
setting anchored: False
setting anchored: False
setting anchored: False
setting anchored: False
setting anchored: False
setting anchored: False
setting anchored: False
8
data len=9 cells len=9
setting anchored: False
setting anchored: False
setting anchored: False
setting anchored: False
setting anchored: False
setting anchored: False
setting anchored: False
setting anchored: False
setting anchored: False
updating board
0
data len=9 cells len=9
setting anchored: False
adding choice: 1 to row 0 col 0
setting anchored: False
adding choice: 2 to row 0 col 1
setting anchored: False
adding choice: 3 to row 0 col 2
setting anchored: False
adding choice: 4 to row 0 col 3
setting anchored: False
adding choice: 5 to row 0 col 4
setting anchored: False
setting anchored: False
setting anchored: False
setting anchored: False
1
data len=9 cells len=9
setting anchored: False
setting anchored: False
setting anchored: False
setting anchored: False
setting anchored: False
setting anchored: False
setting anchored: False
setting anchored: False
setting anchored: False
2
data len=9 cells len=9
setting anchored: False
setting anchored: False
setting anchored: False
setting anchored: False
setting anchored: False
setting anchored: False
setting anchored: False
setting anchored: False
setting anchored: False
3
data len=9 cells len=9
setting anchored: False
setting anchored: False
setting anchored: False
setting anchored: False
setting anchored: False
setting anchored: False
setting anchored: False
setting anchored: False
setting anchored: False
4
data len=9 cells len=9
setting anchored: False
setting anchored: False
setting anchored: False
setting anchored: False
setting anchored: False
setting anchored: False
setting anchored: False
setting anchored: False
setting anchored: False
5
data len=9 cells len=9
setting anchored: False
setting anchored: False
setting anchored: False
setting anchored: False
setting anchored: False
setting anchored: False
setting anchored: False
setting anchored: False
setting anchored: False
6
data len=9 cells len=9
setting anchored: False
setting anchored: False
setting anchored: False
setting anchored: False
setting anchored: False
setting anchored: False
setting anchored: False
setting anchored: False
setting anchored: False
7
data len=9 cells len=9
setting anchored: False
setting anchored: False
setting anchored: False
setting anchored: False
setting anchored: False
setting anchored: False
setting anchored: False
setting anchored: False
setting anchored: False
8
data len=9 cells len=9
setting anchored: False
setting anchored: False
setting anchored: False
setting anchored: False
setting anchored: False
setting anchored: False
setting anchored: False
setting anchored: False
setting anchored: False
updating board
0
data len=9 cells len=9
setting anchored: False
setting anchored: False
setting anchored: False
setting anchored: False
setting anchored: False
setting anchored: False
setting anchored: False
setting anchored: False
setting anchored: False
1
data len=9 cells len=9
setting anchored: False
setting anchored: False
setting anchored: False
setting anchored: False
setting anchored: False
setting anchored: False
setting anchored: False
setting anchored: False
setting anchored: False
2
data len=9 cells len=9
setting anchored: False
setting anchored: False
setting anchored: False
setting anchored: False
setting anchored: False
setting anchored: False
setting anchored: False
setting anchored: False
setting anchored: False
3
data len=9 cells len=9
setting anchored: False
setting anchored: False
setting anchored: False
setting anchored: False
setting anchored: False
setting anchored: False
setting anchored: False
setting anchored: False
setting anchored: False
4
data len=9 cells len=9
setting anchored: False
setting anchored: False
setting anchored: False
setting anchored: False
setting anchored: False
setting anchored: False
setting anchored: False
setting anchored: False
setting anchored: False
5
data len=9 cells len=9
setting anchored: False
setting anchored: False
setting anchored: False
setting anchored: False
setting anchored: False
setting anchored: False
setting anchored: False
setting anchored: False
setting anchored: False
6
data len=9 cells len=9
setting anchored: False
setting anchored: False
setting anchored: False
setting anchored: False
setting anchored: False
setting anchored: False
setting anchored: False
setting anchored: False
setting anchored: False
7
data len=9 cells len=9
setting anchored: False
setting anchored: False
setting anchored: False
setting anchored: False
setting anchored: False
setting anchored: False
setting anchored: False
setting anchored: False
setting anchored: False
8
data len=9 cells len=9
setting anchored: False
setting anchored: False
setting anchored: False
setting anchored: False
setting anchored: False
setting anchored: False
setting anchored: False
setting anchored: False
setting anchored: False
updating board
0
data len=9 cells len=9
setting anchored: False
setting anchored: False
setting anchored: False
setting anchored: False
setting anchored: False
setting anchored: False
setting anchored: False
setting anchored: False
setting anchored: False
1
data len=9 cells len=9
setting anchored: False
setting anchored: False
setting anchored: False
setting anchored: False
setting anchored: False
setting anchored: False
setting anchored: False
setting anchored: False
setting anchored: False
2
data len=9 cells len=9
setting anchored: False
setting anchored: False
setting anchored: False
setting anchored: False
setting anchored: False
setting anchored: False
setting anchored: False
setting anchored: False
setting anchored: False
3
data len=9 cells len=9
setting anchored: False
setting anchored: False
setting anchored: False
setting anchored: False
setting anchored: False
setting anchored: False
setting anchored: False
setting anchored: False
setting anchored: False
4
data len=9 cells len=9
setting anchored: False
setting anchored: False
setting anchored: False
setting anchored: False
setting anchored: False
setting anchored: False
setting anchored: False
setting anchored: False
setting anchored: False
5
data len=9 cells len=9
setting anchored: False
setting anchored: False
setting anchored: False
setting anchored: False
setting anchored: False
setting anchored: False
setting anchored: False
setting anchored: False
setting anchored: False
6
data len=9 cells len=9
setting anchored: False
setting anchored: False
setting anchored: False
setting anchored: False
setting anchored: False
setting anchored: False
setting anchored: False
setting anchored: False
setting anchored: False
7
data len=9 cells len=9
setting anchored: False
setting anchored: False
setting anchored: False
setting anchored: False
setting anchored: False
setting anchored: False
setting anchored: False
setting anchored: False
setting anchored: False
8
data len=9 cells len=9
setting anchored: False
setting anchored: False
setting anchored: False
setting anchored: False
setting anchored: False
setting anchored: False
setting anchored: False
setting anchored: False
setting anchored: False
updating board
0
data len=9 cells len=9
setting anchored: False
setting anchored: False
setting anchored: False
setting anchored: False
setting anchored: False
setting anchored: False
setting anchored: False
setting anchored: False
setting anchored: False
1
data len=9 cells len=9
setting anchored: False
setting anchored: False
setting anchored: False
setting anchored: False
setting anchored: False
setting anchored: False
setting anchored: False
setting anchored: False
setting anchored: False
2
data len=9 cells len=9
setting anchored: False
setting anchored: False
setting anchored: False
setting anchored: False
setting anchored: False
setting anchored: False
setting anchored: False
setting anchored: False
setting anchored: False
3
data len=9 cells len=9
setting anchored: False
setting anchored: False
setting anchored: False
setting anchored: False
setting anchored: False
setting anchored: False
setting anchored: False
setting anchored: False
setting anchored: False
4
data len=9 cells len=9
setting anchored: False
setting anchored: False
setting anchored: False
setting anchored: False
setting anchored: False
setting anchored: False
setting anchored: False
setting anchored: False
setting anchored: False
5
data len=9 cells len=9
setting anchored: False
setting anchored: False
setting anchored: False
setting anchored: False
setting anchored: False
setting anchored: False
setting anchored: False
setting anchored: False
setting anchored: False
6
data len=9 cells len=9
setting anchored: False
setting anchored: False
setting anchored: False
setting anchored: False
setting anchored: False
setting anchored: False
setting anchored: False
setting anchored: False
setting anchored: False
7
data len=9 cells len=9
setting anchored: False
setting anchored: False
setting anchored: False
setting anchored: False
setting anchored: False
setting anchored: False
setting anchored: False
setting anchored: False
setting anchored: False
8
data len=9 cells len=9
setting anchored: False
setting anchored: False
setting anchored: False
setting anchored: False
setting anchored: False
setting anchored: False
setting anchored: False
setting anchored: False
setting anchored: False
updating board
0
data len=9 cells len=9
setting anchored: False
setting anchored: False
setting anchored: False
setting anchored: False
setting anchored: False
setting anchored: False
setting anchored: False
setting anchored: False
setting anchored: False
1
data len=9 cells len=9
setting anchored: False
setting anchored: False
setting anchored: False
setting anchored: False
setting anchored: False
setting anchored: False
setting anchored: False
setting anchored: False
setting anchored: False
2
data len=9 cells len=9
setting anchored: False
setting anchored: False
setting anchored: False
setting anchored: False
setting anchored: False
setting anchored: False
setting anchored: False
setting anchored: False
setting anchored: False
3
data len=9 cells len=9
setting anchored: False
setting anchored: False
setting anchored: False
setting anchored: False
setting anchored: False
setting anchored: False
setting anchored: False
setting anchored: False
setting anchored: False
4
data len=9 cells len=9
setting anchored: False
setting anchored: False
setting anchored: False
setting anchored: False
setting anchored: False
setting anchored: False
setting anchored: False
setting anchored: False
setting anchored: False
5
data len=9 cells len=9
setting anchored: False
setting anchored: False
setting anchored: False
setting anchored: False
setting anchored: False
setting anchored: False
setting anchored: False
setting anchored: False
setting anchored: False
6
data len=9 cells len=9
setting anchored: False
setting anchored: False
setting anchored: False
setting anchored: False
setting anchored: False
setting anchored: False
setting anchored: False
setting anchored: False
setting anchored: False
7
data len=9 cells len=9
setting anchored: False
setting anchored: False
setting anchored: False
setting anchored: False
setting anchored: False
setting anchored: False
setting anchored: False
setting anchored: False
setting anchored: False
8
data len=9 cells len=9
setting anchored: False
setting anchored: False
setting anchored: False
setting anchored: False
setting anchored: False
setting anchored: False
setting anchored: False
setting anchored: False
setting anchored: False
updating board
0
data len=9 cells len=9
setting anchored: False
setting anchored: False
setting anchored: False
setting anchored: False
setting anchored: False
setting anchored: False
setting anchored: False
setting anchored: False
setting anchored: False
1
data len=9 cells len=9
setting anchored: False
setting anchored: False
setting anchored: False
setting anchored: False
setting anchored: False
setting anchored: False
setting anchored: False
setting anchored: False
setting anchored: False
2
data len=9 cells len=9
setting anchored: False
setting anchored: False
setting anchored: False
setting anchored: False
setting anchored: False
setting anchored: False
setting anchored: False
setting anchored: False
setting anchored: False
3
data len=9 cells len=9
setting anchored: False
setting anchored: False
setting anchored: False
setting anchored: False
setting anchored: False
setting anchored: False
setting anchored: False
setting anchored: False
setting anchored: False
4
data len=9 cells len=9
setting anchored: False
setting anchored: False
setting anchored: False
setting anchored: False
setting anchored: False
setting anchored: False
setting anchored: False
setting anchored: False
setting anchored: False
5
data len=9 cells len=9
setting anchored: False
setting anchored: False
setting anchored: False
setting anchored: False
setting anchored: False
setting anchored: False
setting anchored: False
setting anchored: False
setting anchored: False
6
data len=9 cells len=9
setting anchored: False
setting anchored: False
setting anchored: False
setting anchored: False
setting anchored: False
setting anchored: False
setting anchored: False
setting anchored: False
setting anchored: False
7
data len=9 cells len=9
setting anchored: False
setting anchored: False
setting anchored: False
setting anchored: False
setting anchored: False
setting anchored: False
setting anchored: False
setting anchored: False
setting anchored: False
8
data len=9 cells len=9
setting anchored: False
setting anchored: False
setting anchored: False
setting anchored: False
setting anchored: False
setting anchored: False
setting anchored: False
setting anchored: False
setting anchored: False
updating board
0
data len=9 cells len=9
setting anchored: False
setting anchored: False
setting anchored: False
setting anchored: False
setting anchored: False
setting anchored: False
setting anchored: False
setting anchored: False
setting anchored: False
1
data len=9 cells len=9
setting anchored: False
setting anchored: False
setting anchored: False
setting anchored: False
setting anchored: False
setting anchored: False
setting anchored: False
setting anchored: False
setting anchored: False
2
data len=9 cells len=9
setting anchored: False
setting anchored: False
setting anchored: False
setting anchored: False
setting anchored: False
setting anchored: False
setting anchored: False
setting anchored: False
setting anchored: False
3
data len=9 cells len=9
setting anchored: False
setting anchored: False
setting anchored: False
setting anchored: False
setting anchored: False
setting anchored: False
setting anchored: False
setting anchored: False
setting anchored: False
4
data len=9 cells len=9
setting anchored: False
setting anchored: False
setting anchored: False
setting anchored: False
setting anchored: False
setting anchored: False
setting anchored: False
setting anchored: False
setting anchored: False
5
data len=9 cells len=9
setting anchored: False
setting anchored: False
setting anchored: False
setting anchored: False
setting anchored: False
setting anchored: False
setting anchored: False
setting anchored: False
setting anchored: False
6
data len=9 cells len=9
setting anchored: False
setting anchored: False
setting anchored: False
setting anchored: False
setting anchored: False
setting anchored: False
setting anchored: False
setting anchored: False
setting anchored: False
7
data len=9 cells len=9
setting anchored: False
setting anchored: False
setting anchored: False
setting anchored: False
setting anchored: False
setting anchored: False
setting anchored: False
setting anchored: False
setting anchored: False
8
data len=9 cells len=9
setting anchored: False
setting anchored: False
setting anchored: False
setting anchored: False
setting anchored: False
setting anchored: False
setting anchored: False
setting anchored: False
setting anchored: False
updating board
0
data len=9 cells len=9
setting anchored: False
setting anchored: False
setting anchored: False
setting anchored: False
setting anchored: False
setting anchored: False
setting anchored: False
setting anchored: False
setting anchored: False
1
data len=9 cells len=9
setting anchored: False
setting anchored: False
setting anchored: False
setting anchored: False
setting anchored: False
setting anchored: False
setting anchored: False
setting anchored: False
setting anchored: False
2
data len=9 cells len=9
setting anchored: False
setting anchored: False
setting anchored: False
setting anchored: False
setting anchored: False
setting anchored: False
setting anchored: False
setting anchored: False
setting anchored: False
3
data len=9 cells len=9
setting anchored: False
setting anchored: False
setting anchored: False
setting anchored: False
setting anchored: False
setting anchored: False
setting anchored: False
setting anchored: False
setting anchored: False
4
data len=9 cells len=9
setting anchored: False
setting anchored: False
setting anchored: False
setting anchored: False
setting anchored: False
setting anchored: False
setting anchored: False
setting anchored: False
setting anchored: False
5
data len=9 cells len=9
setting anchored: False
setting anchored: False
setting anchored: False
setting anchored: False
setting anchored: False
setting anchored: False
setting anchored: False
setting anchored: False
setting anchored: False
6
data len=9 cells len=9
setting anchored: False
setting anchored: False
setting anchored: False
setting anchored: False
setting anchored: False
setting anchored: False
setting anchored: False
setting anchored: False
setting anchored: False
7
data len=9 cells len=9
setting anchored: False
setting anchored: False
setting anchored: False
setting anchored: False
setting anchored: False
setting anchored: False
setting anchored: False
setting anchored: False
setting anchored: False
8
data len=9 cells len=9
setting anchored: False
setting anchored: False
setting anchored: False
setting anchored: False
setting anchored: False
setting anchored: False
setting anchored: False
setting anchored: False
setting anchored: False
updating board
0
data len=9 cells len=9
setting anchored: False
adding choice: 9 to row 0 col 0
setting anchored: True
adding choice: 4 to row 0 col 1
setting anchored: True
adding choice: 7 to row 0 col 2
setting anchored: False
adding choice: 6 to row 0 col 3
setting anchored: False
adding choice: 5 to row 0 col 4
setting anchored: False
adding choice: 2 to row 0 col 5
setting anchored: False
adding choice: 3 to row 0 col 6
setting anchored: False
adding choice: 8 to row 0 col 7
setting anchored: True
adding choice: 1 to row 0 col 8
1
data len=9 cells len=9
setting anchored: True
adding choice: 8 to row 1 col 0
setting anchored: True
adding choice: 3 to row 1 col 1
setting anchored: False
adding choice: 6 to row 1 col 2
setting anchored: False
adding choice: 1 to row 1 col 3
setting anchored: False
adding choice: 4 to row 1 col 4
setting anchored: True
adding choice: 7 to row 1 col 5
setting anchored: False
adding choice: 9 to row 1 col 6
setting anchored: False
adding choice: 5 to row 1 col 7
setting anchored: True
adding choice: 2 to row 1 col 8
2
data len=9 cells len=9
setting anchored: False
adding choice: 5 to row 2 col 0
setting anchored: False
adding choice: 1 to row 2 col 1
setting anchored: False
adding choice: 2 to row 2 col 2
setting anchored: True
adding choice: 9 to row 2 col 3
setting anchored: False
adding choice: 3 to row 2 col 4
setting anchored: False
adding choice: 8 to row 2 col 5
setting anchored: True
adding choice: 6 to row 2 col 6
setting anchored: False
adding choice: 7 to row 2 col 7
setting anchored: False
adding choice: 4 to row 2 col 8
3
data len=9 cells len=9
setting anchored: False
adding choice: 3 to row 3 col 0
setting anchored: True
adding choice: 2 to row 3 col 1
setting anchored: False
adding choice: 1 to row 3 col 2
setting anchored: True
adding choice: 4 to row 3 col 3
setting anchored: False
adding choice: 8 to row 3 col 4
setting anchored: False
adding choice: 5 to row 3 col 5
setting anchored: True
adding choice: 7 to row 3 col 6
setting anchored: False
adding choice: 6 to row 3 col 7
setting anchored: False
adding choice: 9 to row 3 col 8
4
data len=9 cells len=9
setting anchored: False
adding choice: 4 to row 4 col 0
setting anchored: False
adding choice: 6 to row 4 col 1
setting anchored: False
adding choice: 5 to row 4 col 2
setting anchored: False
adding choice: 7 to row 4 col 3
setting anchored: False
adding choice: 1 to row 4 col 4
setting anchored: False
adding choice: 9 to row 4 col 5
setting anchored: False
adding choice: 8 to row 4 col 6
setting anchored: False
adding choice: 2 to row 4 col 7
setting anchored: False
adding choice: 3 to row 4 col 8
5
data len=9 cells len=9
setting anchored: False
adding choice: 7 to row 5 col 0
setting anchored: False
adding choice: 9 to row 5 col 1
setting anchored: True
adding choice: 8 to row 5 col 2
setting anchored: False
adding choice: 3 to row 5 col 3
setting anchored: False
adding choice: 2 to row 5 col 4
setting anchored: True
adding choice: 6 to row 5 col 5
setting anchored: False
adding choice: 1 to row 5 col 6
setting anchored: True
adding choice: 4 to row 5 col 7
setting anchored: False
adding choice: 5 to row 5 col 8
6
data len=9 cells len=9
setting anchored: False
adding choice: 6 to row 6 col 0
setting anchored: False
adding choice: 8 to row 6 col 1
setting anchored: True
adding choice: 4 to row 6 col 2
setting anchored: False
adding choice: 2 to row 6 col 3
setting anchored: False
adding choice: 9 to row 6 col 4
setting anchored: True
adding choice: 3 to row 6 col 5
setting anchored: False
adding choice: 5 to row 6 col 6
setting anchored: False
adding choice: 1 to row 6 col 7
setting anchored: False
adding choice: 7 to row 6 col 8
7
data len=9 cells len=9
setting anchored: True
adding choice: 2 to row 7 col 0
setting anchored: False
adding choice: 7 to row 7 col 1
setting anchored: False
adding choice: 9 to row 7 col 2
setting anchored: True
adding choice: 5 to row 7 col 3
setting anchored: False
adding choice: 6 to row 7 col 4
setting anchored: False
adding choice: 1 to row 7 col 5
setting anchored: False
adding choice: 4 to row 7 col 6
setting anchored: True
adding choice: 3 to row 7 col 7
setting anchored: True
adding choice: 8 to row 7 col 8
8
data len=9 cells len=9
setting anchored: True
adding choice: 1 to row 8 col 0
setting anchored: False
adding choice: 5 to row 8 col 1
setting anchored: False
adding choice: 3 to row 8 col 2
setting anchored: False
adding choice: 8 to row 8 col 3
setting anchored: False
adding choice: 7 to row 8 col 4
setting anchored: False
adding choice: 4 to row 8 col 5
setting anchored: True
adding choice: 2 to row 8 col 6
setting anchored: True
adding choice: 9 to row 8 col 7
setting anchored: False
adding choice: 6 to row 8 col 8
updating board
0
data len=9 cells len=9
setting anchored: False
adding choice: 1 to row 0 col 0
setting anchored: False
adding choice: 2 to row 0 col 1
setting anchored: False
adding choice: 3 to row 0 col 2
setting anchored: False
setting anchored: False
setting anchored: False
setting anchored: False
setting anchored: False
setting anchored: False
1
data len=9 cells len=9
setting anchored: False
setting anchored: False
setting anchored: False
setting anchored: False
setting anchored: False
setting anchored: False
setting anchored: False
setting anchored: False
setting anchored: False
2
data len=9 cells len=9
setting anchored: False
setting anchored: False
setting anchored: False
setting anchored: False
setting anchored: False
setting anchored: False
setting anchored: False
setting anchored: False
setting anchored: False
3
data len=9 cells len=9
setting anchored: False
setting anchored: False
setting anchored: False
setting anchored: False
setting anchored: False
setting anchored: False
setting anchored: False
setting anchored: False
setting anchored: False
4
data len=9 cells len=9
setting anchored: False
setting anchored: False
setting anchored: False
setting anchored: False
setting anchored: False
setting anchored: False
setting anchored: False
setting anchored: False
setting anchored: False
5
data len=9 cells len=9
setting anchored: False
setting anchored: False
setting anchored: False
setting anchored: False
setting anchored: False
setting anchored: False
setting anchored: False
setting anchored: False
setting anchored: False
6
data len=9 cells len=9
setting anchored: False
setting anchored: False
setting anchored: False
setting anchored: False
setting anchored: False
setting anchored: False
setting anchored: False
setting anchored: False
setting anchored: False
7
data len=9 cells len=9
setting anchored: False
setting anchored: False
setting anchored: False
setting anchored: False
setting anchored: False
setting anchored: False
setting anchored: False
setting anchored: False
setting anchored: False
8
data len=9 cells len=9
setting anchored: False
setting anchored: False
setting anchored: False
setting anchored: False
setting anchored: False
setting anchored: False
setting anchored: False
setting anchored: False
setting anchored: False
